This is pdfTeX, Version 3.1415926-1.40.10 (TeX Live 2009/Debian) (format=pdflatex 2014.2.22)  22 NOV 2015 12:13
entering extended mode
 %&-line parsing enabled.
**PLC.tex
(./PLC.tex
LaTeX2e <2009/09/24>
Babel <v3.8l> and hyphenation patterns for english, usenglishmax, dumylang, noh
yphenation, farsi, arabic, croatian, bulgarian, ukrainian, russian, czech, slov
ak, danish, dutch, finnish, french, basque, ngerman, german, german-x-2009-06-1
9, ngerman-x-2009-06-19, ibycus, monogreek, greek, ancientgreek, hungarian, san
skrit, italian, latin, latvian, lithuanian, mongolian2a, mongolian, bokmal, nyn
orsk, romanian, irish, coptic, serbian, turkish, welsh, esperanto, uppersorbian
, estonian, indonesian, interlingua, icelandic, kurmanji, slovenian, polish, po
rtuguese, spanish, galician, catalan, swedish, ukenglish, pinyin, loaded.
(/usr/share/texmf-texlive/tex/latex/base/article.cls
Document Class: article 2007/10/19 v1.4h Standard LaTeX document class
(/usr/share/texmf-texlive/tex/latex/base/size12.clo
File: size12.clo 2007/10/19 v1.4h Standard LaTeX file (size option)
)
\c@part=\count79
\c@section=\count80
\c@subsection=\count81
\c@subsubsection=\count82
\c@paragraph=\count83
\c@subparagraph=\count84
\c@figure=\count85
\c@table=\count86
\abovecaptionskip=\skip41
\belowcaptionskip=\skip42
\bibindent=\dimen102
)
(/usr/share/texmf-texlive/tex/latex/amsfonts/amsfonts.sty
Package: amsfonts 2009/06/22 v3.00 Basic AMSFonts support
\@emptytoks=\toks14
\symAMSa=\mathgroup4
\symAMSb=\mathgroup5
LaTeX Font Info:    Overwriting math alphabet `\mathfrak' in version `bold'
(Font)                  U/euf/m/n --> U/euf/b/n on input line 96.
)
(/usr/share/texmf-texlive/tex/latex/hyperref/hyperref.sty
Package: hyperref 2009/10/09 v6.79a Hypertext links for LaTeX

(/usr/share/texmf-texlive/tex/latex/graphics/keyval.sty
Package: keyval 1999/03/16 v1.13 key=value parser (DPC)
\KV@toks@=\toks15
)
(/usr/share/texmf-texlive/tex/generic/oberdiek/ifpdf.sty
Package: ifpdf 2009/04/10 v2.0 Provides the ifpdf switch (HO)
Package ifpdf Info: pdfTeX in pdf mode detected.
)
(/usr/share/texmf-texlive/tex/generic/oberdiek/ifvtex.sty
Package: ifvtex 2008/11/04 v1.4 Switches for detecting VTeX and its modes (HO)
Package ifvtex Info: VTeX not detected.
)
(/usr/share/texmf-texlive/tex/generic/ifxetex/ifxetex.sty
Package: ifxetex 2009/01/23 v0.5 Provides ifxetex conditional
)
(/usr/share/texmf-texlive/tex/latex/oberdiek/hycolor.sty
Package: hycolor 2009/10/02 v1.5 Code for color options of hyperref/bookmark (H
O)

(/usr/share/texmf-texlive/tex/latex/oberdiek/xcolor-patch.sty
Package: xcolor-patch 2009/10/02 xcolor patch
))
\@linkdim=\dimen103
\Hy@linkcounter=\count87
\Hy@pagecounter=\count88

(/usr/share/texmf-texlive/tex/latex/hyperref/pd1enc.def
File: pd1enc.def 2009/10/09 v6.79a Hyperref: PDFDocEncoding definition (HO)
)
(/usr/share/texmf-texlive/tex/generic/oberdiek/etexcmds.sty
Package: etexcmds 2007/12/12 v1.2 Prefix for e-TeX command names (HO)

(/usr/share/texmf-texlive/tex/generic/oberdiek/infwarerr.sty
Package: infwarerr 2007/09/09 v1.2 Providing info/warning/message (HO)
)
Package etexcmds Info: Could not find \expanded.
(etexcmds)             That can mean that you are not using pdfTeX 1.50 or
(etexcmds)             that some package has redefined \expanded.
(etexcmds)             In the latter case, load this package earlier.
)
(/usr/share/texmf-texlive/tex/latex/latexconfig/hyperref.cfg
File: hyperref.cfg 2002/06/06 v1.2 hyperref configuration of TeXLive
)
(/usr/share/texmf-texlive/tex/latex/oberdiek/kvoptions.sty
Package: kvoptions 2009/08/13 v3.4 Keyval support for LaTeX options (HO)

(/usr/share/texmf-texlive/tex/generic/oberdiek/kvsetkeys.sty
Package: kvsetkeys 2009/07/30 v1.5 Key value parser with default handler suppor
t (HO)
))
Package hyperref Info: Hyper figures OFF on input line 2975.
Package hyperref Info: Link nesting OFF on input line 2980.
Package hyperref Info: Hyper index ON on input line 2983.
Package hyperref Info: Plain pages OFF on input line 2990.
Package hyperref Info: Backreferencing OFF on input line 2995.

Implicit mode ON; LaTeX internals redefined
Package hyperref Info: Bookmarks ON on input line 3191.
(/usr/share/texmf-texlive/tex/latex/ltxmisc/url.sty
\Urlmuskip=\muskip10
Package: url 2006/04/12  ver 3.3  Verb mode for urls, etc.
)
LaTeX Info: Redefining \url on input line 3428.

(/usr/share/texmf-texlive/tex/generic/oberdiek/bitset.sty
Package: bitset 2007/09/28 v1.0 Data type bit set (HO)

(/usr/share/texmf-texlive/tex/generic/oberdiek/intcalc.sty
Package: intcalc 2007/09/27 v1.1 Expandable integer calculations (HO)
)
(/usr/share/texmf-texlive/tex/generic/oberdiek/bigintcalc.sty
Package: bigintcalc 2007/11/11 v1.1 Expandable big integer calculations (HO)

(/usr/share/texmf-texlive/tex/generic/oberdiek/pdftexcmds.sty
Package: pdftexcmds 2009/09/23 v0.6 LuaTeX support for pdfTeX utility functions
 (HO)

(/usr/share/texmf-texlive/tex/generic/oberdiek/ifluatex.sty
Package: ifluatex 2009/04/17 v1.2 Provides the ifluatex switch (HO)
Package ifluatex Info: LuaTeX not detected.
)
(/usr/share/texmf-texlive/tex/generic/oberdiek/ltxcmds.sty
Package: ltxcmds 2009/08/05 v1.0 Some LaTeX kernel commands for general use (HO
)
)
Package pdftexcmds Info: LuaTeX not detected.
Package pdftexcmds Info: \pdf@primitive is available.
Package pdftexcmds Info: \pdf@ifprimitive is available.
)))
\Fld@menulength=\count89
\Field@Width=\dimen104
\Fld@charsize=\dimen105
\Field@toks=\toks16
Package hyperref Info: Hyper figures OFF on input line 4377.
Package hyperref Info: Link nesting OFF on input line 4382.
Package hyperref Info: Hyper index ON on input line 4385.
Package hyperref Info: backreferencing OFF on input line 4392.
Package hyperref Info: Link coloring OFF on input line 4397.
Package hyperref Info: Link coloring with OCG OFF on input line 4402.
Package hyperref Info: PDF/A mode OFF on input line 4407.

(/usr/share/texmf-texlive/tex/generic/oberdiek/atbegshi.sty
Package: atbegshi 2008/07/31 v1.9 At begin shipout hook (HO)
)
\Hy@abspage=\count90
\c@Item=\count91
\c@Hfootnote=\count92
)
*hyperref using default driver hpdftex*
(/usr/share/texmf-texlive/tex/latex/hyperref/hpdftex.def
File: hpdftex.def 2009/10/09 v6.79a Hyperref driver for pdfTeX
\Fld@listcount=\count93
)
(/usr/share/texmf-texlive/tex/latex/setspace/setspace.sty
Package: setspace 2000/12/01 6.7 Contributed and Supported LaTeX2e package

Package: `setspace' 6.7 <2000/12/01>
) (/usr/share/texmf-texlive/tex/latex/graphics/graphicx.sty
Package: graphicx 1999/02/16 v1.0f Enhanced LaTeX Graphics (DPC,SPQR)

(/usr/share/texmf-texlive/tex/latex/graphics/graphics.sty
Package: graphics 2009/02/05 v1.0o Standard LaTeX Graphics (DPC,SPQR)

(/usr/share/texmf-texlive/tex/latex/graphics/trig.sty
Package: trig 1999/03/16 v1.09 sin cos tan (DPC)
)
(/etc/texmf/tex/latex/config/graphics.cfg
File: graphics.cfg 2009/08/28 v1.8 graphics configuration of TeX Live
)
Package graphics Info: Driver file: pdftex.def on input line 91.

(/usr/share/texmf-texlive/tex/latex/pdftex-def/pdftex.def
File: pdftex.def 2010/03/12 v0.04p Graphics/color for pdfTeX
\Gread@gobject=\count94
))
\Gin@req@height=\dimen106
\Gin@req@width=\dimen107
)
(/usr/share/texmf-texlive/tex/latex/was/gensymb.sty
Package: gensymb 2003/07/02 v1.0 (WaS)
)
(/usr/share/texmf-texlive/tex/latex/moresize/moresize.sty
Package: moresize 1999/07/26 v1.9 (more font sizes)
) (./PLC.aux)
\openout1 = `PLC.aux'.

LaTeX Font Info:    Checking defaults for OML/cmm/m/it on input line 8.
LaTeX Font Info:    ... okay on input line 8.
LaTeX Font Info:    Checking defaults for T1/cmr/m/n on input line 8.
LaTeX Font Info:    ... okay on input line 8.
LaTeX Font Info:    Checking defaults for OT1/cmr/m/n on input line 8.
LaTeX Font Info:    ... okay on input line 8.
LaTeX Font Info:    Checking defaults for OMS/cmsy/m/n on input line 8.
LaTeX Font Info:    ... okay on input line 8.
LaTeX Font Info:    Checking defaults for OMX/cmex/m/n on input line 8.
LaTeX Font Info:    ... okay on input line 8.
LaTeX Font Info:    Checking defaults for U/cmr/m/n on input line 8.
LaTeX Font Info:    ... okay on input line 8.
LaTeX Font Info:    Checking defaults for PD1/pdf/m/n on input line 8.
LaTeX Font Info:    ... okay on input line 8.
Package hyperref Info: Link coloring OFF on input line 8.

(/usr/share/texmf-texlive/tex/latex/hyperref/nameref.sty
Package: nameref 2007/05/29 v2.31 Cross-referencing by name of section

(/usr/share/texmf-texlive/tex/latex/oberdiek/refcount.sty
Package: refcount 2008/08/11 v3.1 Data extraction from references (HO)
)
\c@section@level=\count95
)
LaTeX Info: Redefining \ref on input line 8.
LaTeX Info: Redefining \pageref on input line 8.
 (./PLC.out)
(./PLC.out)
\@outlinefile=\write3
\openout3 = `PLC.out'.

\AtBeginShipoutBox=\box26
 (/usr/share/texmf-texlive/tex/context/base/supp-pdf.mkii
[Loading MPS to PDF converter (version 2006.09.02).]
\scratchcounter=\count96
\scratchdimen=\dimen108
\scratchbox=\box27
\nofMPsegments=\count97
\nofMParguments=\count98
\everyMPshowfont=\toks17
\MPscratchCnt=\count99
\MPscratchDim=\dimen109
\MPnumerator=\count100
\everyMPtoPDFconversion=\toks18
)
LaTeX Info: Redefining \celsius on input line 8.
Package gensymb Info: Faking symbols for \degree and \celsius on input line 8.


Package gensymb Warning: Not defining \perthousand.

LaTeX Info: Redefining \ohm on input line 8.
Package gensymb Info: Using \Omega for \ohm on input line 8.

Package gensymb Warning: Not defining \micro.


Overfull \hbox (23.7252pt too wide) in paragraph at lines 15--15
\OT1/cmtt/m/n/12 Block Diagram, Ladder Diagram, Structured Text, Sequential Fun
ction
 []

[1

{/var/lib/texmf/fonts/map/pdftex/updmap/pdftex.map}] [2]
LaTeX Font Info:    Try loading font information for U+msa on input line 32.

(/usr/share/texmf-texlive/tex/latex/amsfonts/umsa.fd
File: umsa.fd 2009/06/22 v3.00 AMS symbols A
)
LaTeX Font Info:    Try loading font information for U+msb on input line 32.

(/usr/share/texmf-texlive/tex/latex/amsfonts/umsb.fd
File: umsb.fd 2009/06/22 v3.00 AMS symbols B
)
<screen.png, id=17, 576.65437pt x 499.8675pt>
File: screen.png Graphic file (type png)
 <use screen.png> [3 <./screen.png>]
LaTeX Font Info:    Try loading font information for OMS+cmr on input line 59.
 (/usr/share/texmf-texlive/tex/latex/base/omscmr.fd
File: omscmr.fd 1999/05/25 v2.5h Standard LaTeX font definitions
)
LaTeX Font Info:    Font shape `OMS/cmr/m/n' in size <12> not available
(Font)              Font shape `OMS/cmsy/m/n' tried instead on input line 59.
 [4] [5] [6]
<atmega16.png, id=56, 330.23375pt x 406.51875pt>
File: atmega16.png Graphic file (type png)
 <use atmega16.png> [7 <./atmega16.png>] <ld1.png, id=64, 950.04938pt x 546.541
87pt>
File: ld1.png Graphic file (type png)
 <use ld1.png> [8 <./ld1.png>] <prop.png, id=72, 267.24844pt x 129.48375pt>
File: prop.png Graphic file (type png)
 <use prop.png>
<Setup.png, id=73, 356.33125pt x 172.645pt>
File: Setup.png Graphic file (type png)
 <use Setup.png> [9 <./prop.png> <./Setup.png>] <cont.png, id=81, 653.44125pt x
 515.9275pt>
File: cont.png Graphic file (type png)
 <use cont.png>
Overfull \hbox (132.75371pt too wide) in paragraph at lines 119--120
 [][] 
 []

[10 <./cont.png>] <change.png, id=88, 459.96844pt x 263.48438pt>
File: change.png Graphic file (type png)

<use change.png> [11 <./change.png>]
<PIN.png, id=95, 478.03593pt x 384.6872pt>
File: PIN.png Graphic file (type png)
 <use PIN.png> [12 <./PIN.png>]
<states.png, id=102, 598.235pt x 299.1175pt>
File: states.png Graphic file (type png)
 <use states.png>
Overfull \hbox (88.58865pt too wide) in paragraph at lines 148--149
 [][] 
 []

[13 <./states.png>] [14]
Missing character: There is no â in font cmr12!
Missing character: There is no € in font cmr12!
Missing character: There is no ™ in font cmr12!

Overfull \hbox (48.92522pt too wide) in paragraph at lines 156--161
[]$\OT1/cmtt/m/n/12 http : / / softlayer-[]sng . dl . sourceforge . net / proje
ct / winavr / WinAVR / 20100110 /
 []

<manavrdude.png, id=116, 814.54312pt x 558.58687pt>
File: manavrdude.png Graphic file (type png)
 <use manavrdude.png>

LaTeX Warning: `!h' float specifier changed to `!ht'.

[15] [16 <./manavrdude.png>] <Figcmd.png, id=134, 408.77719pt x 256.70906pt>
File: Figcmd.png Graphic file (type png)

<use Figcmd.png> <Comm.png, id=135, 673.51625pt x 252.945pt>
File: Comm.png Graphic file (type png)
 <use Comm.png>
Overfull \hbox (81.45816pt too wide) in paragraph at lines 194--195
 [][] 
 []

<avrdude1.png, id=136, 507.39563pt x 417.05812pt>
File: avrdude1.png Graphic file (type png)
 <use avrdude1.png>
Overfull \hbox (15.91705pt too wide) in paragraph at lines 205--206
 [][] 
 []


LaTeX Warning: `h' float specifier changed to `ht'.

[17

 <./Figcmd.png> <./Comm.png>]
Overfull \hbox (4.3pt too wide) in paragraph at lines 210--211
[]\OT1/cmtt/m/n/12 IMP: If you do not get this, please download the software an
d
 []

[18 <./avrdude1.png>] <device.png, id=152, 861.2175pt x 491.8375pt>
File: device.png Graphic file (type png)

<use device.png>
Overfull \hbox (255.91154pt too wide) in paragraph at lines 223--224
 [][] 
 []

[19 <./device.png>]
Overfull \hbox (59.87503pt too wide) in paragraph at lines 229--230
[]\OT1/cmtt/m/n/12 avrdude -p atmega16 -P /dev/ttyUSB0 -c ponyser -v -U flash:w
:test1.hex 
 []

[20]
Missing character: There is no ï in font cmtt12!
Missing character: There is no ¬ in font cmtt12!
Missing character: There is no ‚ in font cmtt12!

Overfull \hbox (29.00002pt too wide) in paragraph at lines 254--255
[]\OT1/cmtt/m/n/12 sudo avrdude -p atmega16 -P usb -c usbasp -B10 -U ash:w:Blin
k.hex 
 []

<usb.png, id=165, 633.36626pt x 439.6425pt>
File: usb.png Graphic file (type png)
 <use usb.png>
Overfull \hbox (180.02437pt too wide) in paragraph at lines 264--265
[][] 
 []


LaTeX Warning: `!h' float specifier changed to `!ht'.

[21] [22 <./usb.png>] [23] <DB9M.png, id=183, 1071.00125pt x 602.25pt>
File: DB9M.png Graphic file (type png)

<use DB9M.png> <Makedb9.png, id=184, 305.14pt x 140.525pt>
File: Makedb9.png Graphic file (type png)
 <use Makedb9.png>
[24 <./DB9M.png> <./Makedb9.png (PNG copy)>]
Overfull \hbox (59.87503pt too wide) in paragraph at lines 318--318
[]\OT1/cmtt/m/n/12 avrdude -p atmega16 -P /dev/ttyUSB0 -c ponyser -v -U flash:w
:test1.hex
 []


Underfull \hbox (badness 10000) in paragraph at lines 318--318

 []

<RS1.png, id=193, 978.65625pt x 534.49687pt>
File: RS1.png Graphic file (type png)
 <use RS1.png>
Overfull \hbox (1.45557pt too wide) in paragraph at lines 321--322
[][] 
 []

<RS2.png, id=194, 865.2325pt x 742.775pt>
File: RS2.png Graphic file (type png)
 <use RS2.png>
Overfull \hbox (42.61519pt too wide) in paragraph at lines 325--326
[][] 
 []


LaTeX Warning: `!h' float specifier changed to `!ht'.

[25 <./RS1.png>] [26 <./RS2.png>] [27]
Overfull \hbox (16.65001pt too wide) in paragraph at lines 351--352
[]\OT1/cmtt/m/n/12 WARNING: Fuse bits control the way the controller responds. 
If
 []


Overfull \hbox (29.9002pt too wide) in paragraph at lines 351--352
\OT1/cmtt/m/n/12 any mistake is made in setting up the fuse bits, then the cont
roller
 []


Overfull \hbox (5.2002pt too wide) in paragraph at lines 351--352
\OT1/cmtt/m/n/12 becomes isolated from the external circuit. This means that th
e
 []


Overfull \hbox (36.07521pt too wide) in paragraph at lines 351--352
\OT1/cmtt/m/n/12 controller doesn't respond and renders useless. Hence, always 
triple
 []


Overfull \hbox (5.2002pt too wide) in paragraph at lines 351--352
\OT1/cmtt/m/n/12 check before entering the fuse bits. This is the best practice
,
 []


Overfull \hbox (29.00002pt too wide) in paragraph at lines 360--361
[]\OT1/cmtt/m/n/12 sudo avrdude -p m16 -c usbasp -U lfuse:w:0xFF:m -U hfuse:w:0
xD9:m
 []


Overfull \hbox (10.475pt too wide) in paragraph at lines 365--365
[]\OT1/cmtt/m/n/12 avrdude -p m16 -c ponyser -P /dev/ttyUSB0 -U lfuse:w:0xFF:m 
-U
 []

[28] <fuse1.png, id=218, 835.62187pt x 519.44063pt>
File: fuse1.png Graphic file (type png)
 <use fuse1.png>
Overfull \hbox (27.8099pt too wide) in paragraph at lines 369--370
 [][] 
 []

[29 <./fuse1.png>] <fuse2.png, id=225, 947.54pt x 654.445pt>
File: fuse2.png Graphic file (type png)
 <use fuse2.png>
Overfull \hbox (83.76883pt too wide) in paragraph at lines 375--376
 [][] 
 []

[30 <./fuse2.png>] [31] [32] [33

] (./PLC.aux) ) 
Here is how much of TeX's memory you used:
 4526 strings out of 493848
 65213 string characters out of 1152823
 133347 words of memory out of 3000000
 7635 multiletter control sequences out of 15000+50000
 11671 words of font info for 46 fonts, out of 3000000 for 9000
 714 hyphenation exceptions out of 8191
 38i,8n,36p,1081b,371s stack positions out of 5000i,500n,10000p,200000b,50000s
pdfTeX warning (dest): name{Hfootnote.1} has been referenced but
 does not exist, replaced by a fixed one

</usr/share/texmf-texlive/fonts/type1/public/amsfonts/cm/cmbx12.pfb></usr/share
/texmf-texlive/fonts/type1/public/amsfonts/cm/cmr10.pfb></usr/share/texmf-texli
ve/fonts/type1/public/amsfonts/cm/cmr12.pfb></usr/share/texmf-texlive/fonts/typ
e1/public/amsfonts/cm/cmr7.pfb></usr/share/texmf-texlive/fonts/type1/public/ams
fonts/cm/cmr8.pfb></usr/share/texmf-texlive/fonts/type1/public/amsfonts/cm/cmsy
10.pfb></usr/share/texmf-texlive/fonts/type1/public/amsfonts/cm/cmtt12.pfb></us
r/share/texmf-texlive/fonts/type1/public/amsfonts/symbols/msam10.pfb>
Output written on PLC.pdf (33 pages, 1739291 bytes).
PDF statistics:
 292 PDF objects out of 1000 (max. 8388607)
 85 named destinations out of 1000 (max. 500000)
 106 words of extra memory for PDF output out of 10000 (max. 10000000)

